                                
                                
                                
             OOO                
             OOO                
             OOO                
                                
                                
                                
             OOO                
             OOO                
             OOO                
                                
                                
                                
             OOO                
             OOO                
             OOO                
                                
                                
                                
             OOO                
             OOO                
             OOO                
                                
                                
                                
             OOO                
             OOO                
             OOO                
                                
                                
                                
                                
              O                 
             O O                
            O   O               
             O O                
              O                 
                                
              O                 
             O O                
            O   O               
             O O                
              O                 
                                
              O                 
             O O                
            O   O               
             O O                
              O                 
                                
              O                 
             O O                
            O   O               
             O O                
              O                 
                                
              O                 
             O O                
            O   O               
             O O                
              O                 
                                
                                
                                
              O                 
             OOO                
            OO OO               
             OOO                
              O                 
                                
              O                 
             OOO                
            OO OO               
             OOO                
              O                 
                                
              O                 
             OOO                
            OO OO               
             OOO                
              O                 
                                
              O                 
             OOO                
            OO OO               
             OOO                
              O                 
                                
              O                 
             OOO                
            OO OO               
             OOO                
              O                 
                                
                                
                                
             OOO                
            O   O               
            O   O               
            O   O               
             OOO                
                                
             OOO                
            O   O               
            O   O               
            O   O               
             OOO                
                                
             OOO                
            O   O               
            O   O               
            O   O               
             OOO                
                                
             OOO                
            O   O               
            O   O               
            O   O               
             OOO                
                                
             OOO                
            O   O               
            O   O               
            O   O               
             OOO                
                                
                                
              O                 
             OOO                
            O O O               
           OOO OOO              
            O O O               
             OOO                
                                
             OOO                
            O O O               
           OOO OOO              
            O O O               
             OOO                
                                
             OOO                
            O O O               
           OOO OOO              
            O O O               
             OOO                
                                
             OOO                
            O O O               
           OOO OOO              
            O O O               
             OOO                
                                
             OOO                
            O O O               
           OOO OOO              
            O O O               
             OOO                
              O                 
                                
             OOO                
                                
           O     O              
           O     O              
           O     O              
             OOO                
                                
             OOO                
           O     O              
           O     O              
           O     O              
             OOO                
                                
             OOO                
           O     O              
           O     O              
           O     O              
             OOO                
                                
             OOO                
           O     O              
           O     O              
           O     O              
             OOO                
                                
             OOO                
           O     O              
           O     O              
           O     O              
                                
             OOO                
                                
              O                 
              O                 
                                
          OOO   OOO             
            O O O               
              O                 
                                
              O                 
            O O O               
          OOO   OOO             
            O O O               
              O                 
                                
              O                 
            O O O               
          OOO   OOO             
            O O O               
              O                 
                                
              O                 
            O O O               
          OOO   OOO             
            O O O               
              O                 
                                
              O                 
            O O O               
          OOO   OOO             
                                
              O                 
              O                 
                                
                                
                                
           O     O              
           OOO OOO              
            O   O               
             O O                
                                
             O O                
            O   O               
            O   O               
            O   O               
             O O                
                                
             O O                
            O   O               
            O   O               
            O   O               
             O O                
                                
             O O                
            O   O               
            O   O               
            O   O               
             O O                
                                
             O O                
            O   O               
           OOO OOO              
           O     O              
                                
                                
                                
                                
                                
           O     O              
           O O O O              
           O     O              
                                
                                
                                
            OO OO               
           OOO OOO              
            OO OO               
                                
                                
                                
            OO OO               
           OOO OOO              
            OO OO               
                                
                                
                                
            OO OO               
           OOO OOO              
            OO OO               
                                
                                
                                
           O     O              
           O O O O              
           O     O              
                                
                                
                                
                                
                                
            O   O               
          OO     OO             
            O   O               
                                
                                
                                
           O O O O              
           O     O              
           O O O O              
                                
                                
                                
           O O O O              
           O     O              
           O O O O              
                                
                                
                                
           O O O O              
           O     O              
           O O O O              
                                
                                
                                
            O   O               
          OO     OO             
            O   O               
                                
                                
                                
                                
                                
           O     O              
           OO   OO              
           O     O              
                                
                                
                                
            O   O               
          OO     OO             
            O   O               
                                
                                
                                
            O   O               
          OO     OO             
            O   O               
                                
                                
                                
            O   O               
          OO     OO             
            O   O               
                                
                                
                                
           O     O              
           OO   OO              
           O     O              
                                
                                
                                
                                
                                
           OO   OO              
          OOO   OOO             
           OO   OO              
                                
                                
                                
           O     O              
           OO   OO              
           O     O              
                                
                                
                                
           O     O              
           OO   OO              
           O     O              
                                
                                
                                
           O     O              
           OO   OO              
           O     O              
                                
                                
                                
           OO   OO              
          OOO   OOO             
           OO   OO              
                                
                                
                                
                                
                                
          O O   O O             
          O  O O  O             
          O O   O O             
                                
                                
                                
           OO   OO              
          OOO   OOO             
           OO   OO              
                                
                                
                                
           OO   OO              
          OOO   OOO             
           OO   OO              
                                
                                
                                
           OO   OO              
          OOO   OOO             
           OO   OO              
                                
                                
                                
          O O   O O             
          O  O O  O             
          O O   O O             
                                
                                
                                
                                
                                
           O     O              
         OO OO OO OO            
           O     O              
                                
                                
                                
          O O   O O             
          O  O O  O             
          O O   O O             
                                
                                
                                
          O O   O O             
          O  O O  O             
          O O   O O             
                                
                                
                                
          O O   O O             
          O  O O  O             
          O O   O O             
                                
                                
                                
           O     O              
         OO OO OO OO            
           O     O              
                                
                                
                                
                                
                                
          OOO   OOO             
          O O   O O             
          OOO   OOO             
                                
                                
                                
           O     O              
         OO OO OO OO            
           O     O              
                                
                                
                                
           O     O              
         OO OO OO OO            
           O     O              
                                
                                
                                
           O     O              
         OO OO OO OO            
           O     O              
                                
                                
                                
          OOO   OOO             
          O O   O O             
          OOO   OOO             
                                
                                
                                
                                
           O     O              
          O O   O O             
         O   O O   O            
          O O   O O             
           O     O              
                                
                                
          OOO   OOO             
          O O   O O             
          OOO   OOO             
                                
                                
                                
          OOO   OOO             
          O O   O O             
          OOO   OOO             
                                
                                
                                
          OOO   OOO             
          O O   O O             
          OOO   OOO             
                                
                                
           O     O              
          O O   O O             
         O   O O   O            
          O O   O O             
           O     O              
                                
                                
                                
           O     O              
          OOO   OOO             
         OO OO OO OO            
          OOO   OOO             
           O     O              
                                
           O     O              
          O O   O O             
         O   O O   O            
          O O   O O             
           O     O              
                                
           O     O              
          O O   O O             
         O   O O   O            
          O O   O O             
           O     O              
                                
           O     O              
          O O   O O             
         O   O O   O            
          O O   O O             
           O     O              
                                
           O     O              
          OOO   OOO             
         OO OO OO OO            
          OOO   OOO             
           O     O              
                                
                                
                                
          OOO   OOO             
         O   O O   O            
         O   O O   O            
         O   O O   O            
          OOO   OOO             
                                
           O     O              
          OOO   OOO             
         OO OO OO OO            
          OOO   OOO             
           O     O              
                                
           O     O              
          OOO   OOO             
         OO OO OO OO            
          OOO   OOO             
           O     O              
                                
           O     O              
          OOO   OOO             
         OO OO OO OO            
          OOO   OOO             
           O     O              
                                
          OOO   OOO             
         O   O O   O            
         O   O O   O            
         O   O O   O            
          OOO   OOO             
                                
                                
           O     O              
          OOO   OOO             
         O O O O O O            
        OOO OO OO OOO           
         O O O O O O            
          OOO   OOO             
          O O   O O             
          OOO   OOO             
         O   O O   O            
         O   O O   O            
         O   O O   O            
          OOO   OOO             
                                
          OOO   OOO             
         O   O O   O            
         O   O O   O            
         O   O O   O            
          OOO   OOO             
                                
          OOO   OOO             
         O   O O   O            
         O   O O   O            
         O   O O   O            
          OOO   OOO             
          O O   O O             
          OOO   OOO             
         O O O O O O            
        OOO OO OO OOO           
         O O O O O O            
          OOO   OOO             
           O     O              
                                
          OOO   OOO             
                                
        O    O O    O           
        O    O O    O           
        O    O O    O           
         O   O O   O            
         O   O O   O            
         OO OO OO OO            
         O O O O O O            
        OOO OO OO OOO           
         O O O O O O            
          OOO   OOO             
                                
          OOO   OOO             
         O O O O O O            
        OOO OO OO OOO           
         O O O O O O            
          OOO   OOO             
                                
          OOO   OOO             
         O O O O O O            
        OOO OO OO OOO           
         O O O O O O            
         OO OO OO OO            
         O   O O   O            
         O   O O   O            
        O    O O    O           
        O    O O    O           
        O    O O    O           
                                
          OOO   OOO             
                                
           O     O              
           OO   OO              
                                
       OOO  OO OO  OOO          
        OO  OO OO  OO           
        OO  OO OO  OO           
        OO   O O   OO           
        OO O O O O OO           
                                
        O    O O    O           
        O    O O    O           
          OOO   OOO             
                                
          OOO   OOO             
        O    O O    O           
        O    O O    O           
        O    O O    O           
          OOO   OOO             
                                
          OOO   OOO             
        O    O O    O           
        O    O O    O           
                                
        OO O O O O OO           
        OO   O O   OO           
        OO  OO OO  OO           
        OO  OO OO  OO           
       OOO  OO OO  OOO          
                                
           OO   OO              
           O     O              
                                
           OO   OO              
           OO   OO              
        O  O O O O  O           
       O O  OO OO  O O          
          OO     OO             
       O  O       O  O          
       O     O O     O          
        OOO O   O OOO           
        OO  O   O  OO           
                                
         O O O O O O            
           OO   OO              
                                
           OO   OO              
         O O O O O O            
       OOO  OO OO  OOO          
         O O O O O O            
           OO   OO              
                                
           OO   OO              
         O O O O O O            
                                
        OO  O   O  OO           
        OOO O   O OOO           
       O     O O     O          
       O  O       O  O          
          OO     OO             
       O O  OO OO  O O          
        O  O O O O  O           
           OO   OO              
           OO   OO              
                                
           OO   OO              
          O  O O  O             
        O OO O O OO O           
        OO   O O   OO           
        OOOOO   OOOOO           
          OO     OO             
       O  OO     OO  O          
       O  OOOO OOOO  O          
        O OO     OO O           
        OOO O   O OOO           
          OO     OO             
          OOO   OOO             
                                
          OOO   OOO             
         O O O O O O            
         O O O O O O            
         O O O O O O            
          OOO   OOO             
                                
          OOO   OOO             
          OO     OO             
        OOO O   O OOO           
        O OO     OO O           
       O  OOOO OOOO  O          
       O  OO     OO  O          
          OO     OO             
        OOOOO   OOOOO           
        OO   O O   OO           
        O OO O O OO O           
          O  O O  O             
           OO   OO              
                                
           OO   OO              
         OO  O O  OO            
        O OO O O OO O           
       O     O O     O          
        O   O   O   O           
        O           O           
         O         O            
       OO           OO          
       OO    O O    OO          
        O   O   O   O           
                                
          O O   O O             
                                
          OOO   OOO             
         O   O O   O            
        OO O O O O OO           
         O   O O   O            
          OOO   OOO             
                                
          O O   O O             
                                
        O   O   O   O           
       OO    O O    OO          
       OO           OO          
         O         O            
        O           O           
        O   O   O   O           
       O     O O     O          
        O OO O O OO O           
         OO  O O  OO            
           OO   OO              
                                
          OOO   OOO             
         O   O O   O            
        O OO O O OO O           
       OOO O O O O OOO          
       OO           OO          
        OO         OO           
       O O         O O          
       O O         O O          
         O         O            
       OO           OO          
           O     O              
                                
          O O   O O             
          OOO   OOO             
        OO   O O   OO           
        OO   O O   OO           
        OO   O O   OO           
          OOO   OOO             
          O O   O O             
                                
           O     O              
       OO           OO          
         O         O            
       O O         O O          
       O O         O O          
        OO         OO           
       OO           OO          
       OOO O O O O OOO          
        O OO O O OO O           
         O   O O   O            
          OOO   OOO             
                                
          OOO   OOO             
         O   O O   O            
       O   O O O O   O          
           O     O              
          O       O             
         O         O            
       O OO       OO O          
         OO       OO            
       O O         O O          
        O           O           
                                
           O     O              
          O O   O O             
          O OO OO O             
        O  O O O O  O           
       O  O OO OO O  O          
        O  O O O O  O           
          O OO OO O             
          O O   O O             
           O     O              
                                
        O           O           
       O O         O O          
         OO       OO            
       O OO       OO O          
         O         O            
          O       O             
           O     O              
       O   O O O O   O          
         O   O O   O            
          OOO   OOO             
                                
          OOO   OOO             
             O O                
          O       O             
          OOO   OOO             
          O       O             
        OO         OO           
                                
                                
         OO       OO            
        O           O           
                                
           O     O              
          O OO OO O             
         OO  O O  OO            
         OO       OO            
       OOOO  O O  OOOO          
         OO       OO            
         OO  O O  OO            
          O OO OO O             
           O     O              
                                
        O           O           
         OO       OO            
                                
                                
        OO         OO           
          O       O             
          OOO   OOO             
          O       O             
             O O                
          OOO   OOO             
                                
           OO   OO              
          O O   O O             
          O O   O O             
         OO       OO            
          O       O             
         O         O            
                                
                                
         O         O            
         O         O            
                                
           OO   OO              
         OO OO OO OO            
            OO OO               
           O     O              
           O     O              
           O     O              
            OO OO               
         OO OO OO OO            
           OO   OO              
                                
         O         O            
         O         O            
                                
                                
         O         O            
          O       O             
         OO       OO            
          O O   O O             
          O O   O O             
           OO   OO              
                                
           OO   OO              
          O OO OO O             
          O       O             
         OO       OO            
          O       O             
                                
                                
                                
                                
                                
                                
          OOOO OOOO             
          O       O             
          O  O O  O             
           O     O              
          OOO   OOO             
           O     O              
          O  O O  O             
          O       O             
          OOOO OOOO             
                                
                                
                                
                                
                                
                                
          O       O             
         OO       OO            
          O       O             
          O OO OO O             
           OO   OO              
                                
           OOO OOO              
          O OO OO O             
          O       O             
         OOO     OOO            
         OO       OO            
                                
                                
                                
                                
                                
           OO   OO              
          OOO   OOO             
         OO  O O  OO            
          OO     OO             
                                
          O O   O O             
                                
          OO     OO             
         OO  O O  OO            
          OOO   OOO             
           OO   OO              
                                
                                
                                
                                
                                
         OO       OO            
         OOO     OOO            
          O       O             
          O OO OO O             
           OOO OOO              
                                
           O O O O              
          O  O O  O             
            O   O               
           O     O              
         O O     O O            
                                
                                
                                
                                
                                
          O O   O O             
         O   O O   O            
         O         O            
         OOO     OOO            
          O       O             
                                
          O       O             
         OOO     OOO            
         O         O            
         O   O O   O            
          O O   O O             
                                
                                
                                
                                
                                
         O O     O O            
           O     O              
            O   O               
          O  O O  O             
           O O O O              
                                
            O   O               
           O O O O              
           OO   OO              
          OOO   OOO             
          O       O             
                                
                                
                                
                                
                                
                                
         OO       OO            
        OO         OO           
         O O     O O            
         OOO     OOO            
                                
         OOO     OOO            
         O O     O O            
        OO         OO           
         OO       OO            
                                
                                
                                
                                
                                
                                
          O       O             
          OOO   OOO             
           OO   OO              
           O O O O              
            O   O               
                                
            O   O               
           O O O O              
             O O                
          O O   O O             
          O       O             
                                
                                
                                
                                
                                
                                
        OOO       OOO           
        O           O           
           O     O              
         O O     O O            
                                
         O O     O O            
           O     O              
        O           O           
        OOO       OOO           
                                
                                
                                
                                
                                
                                
          O       O             
          O O   O O             
             O O                
           O O O O              
            O   O               
                                
            O   O               
             O O                
           O O O O              
           O     O              
           O     O              
                                
                                
                                
                                
                                
         O         O            
        OO         OO           
        O O       O O           
          O       O             
          O       O             
                                
          O       O             
          O       O             
        O O       O O           
        OO         OO           
         O         O            
                                
                                
                                
                                
                                
           O     O              
           O     O              
           O O O O              
             O O                
            O   O               
                                
                                
             O O                
                                
          OO     OO             
                                
                                
                                
                                
                                
                                
        OO         OO           
        O O       O O           
        O O       O O           
          OO     OO             
                                
                                
                                
          OO     OO             
        O O       O O           
        O O       O O           
        OO         OO           
                                
                                
                                
                                
                                
                                
          OO     OO             
                                
             O O                
                                
                                
                                
                                
                                
                                
                                
                                
                                
                                
                                
                                
        OO         OO           
       OO O       O OO          
          O       O             
         OOO     OOO            
                                
                                
                                
         OOO     OOO            
          O       O             
       OO O       O OO          
        OO         OO           
                                
                                
                                
                                
                                
                                
                                
                                
                                
                                
                                
                                
                                
                                
                                
                                
                                
                                
                                
                                
                                
       OOO         OOO          
       OO O       O OO          
        O           O           
         OOO     OOO            
          O       O             
                                
          O       O             
         OOO     OOO            
        O           O           
       OO O       O OO          
       OOO         OOO          
                                
                                
                                
                                
                                
                                
                                
                                
                                
                                
                                
                                
                                
                                
                                
                                
                                
                                
                                
                                
        O           O           
       O O         O O          
                                
       OO  O     O  OO          
         OOO     OOO            
         OOO     OOO            
                                
         OOO     OOO            
         OOO     OOO            
       OO  O     O  OO          
                                
       O O         O O          
        O           O           
                                
                                
                                
                                
                                
                                
                                
                                
                                
                                
                                
                                
                                
                                
                                
                                
                                
                                
                                
        O           O           
        O           O           
       O             O          
        OO O     O OO           
            O   O               
         O O     O O            
                                
         O O     O O            
            O   O               
        OO O     O OO           
       O             O          
        O           O           
        O           O           
                                
                                
                                
                                
                                
                                
                                
                                
                                
                                
                                
                                
                                
                                
                                
                                
                                
                                
                                
                                
       OO           OO          
       O O         O O          
        O           O           
        OO OO   OO OO           
                                
                                
                                
        OO OO   OO OO           
        O           O           
       O O         O O          
       OO           OO          
                                
                                
                                
                                
                                
                                
                                
                                
                                
                                
                                
                                
                                
                                
                                
                                
                                
                                
                                
                                
                                
       OO           OO          
       O O         O O          
       O  O       O  O          
        OO         OO           
                                
                                
                                
        OO         OO           
       O  O       O  O          
       O O         O O          
       OO           OO          
                                
                                
                                
                                
                                
                                
                                
                                
                                
                                
                                
                                
                                
                                
                                
                                
                                
                                
                                
                                
                                
       OO           OO          
      OO O         O OO         
       O  O       O  O          
        OO         OO           
                                
                                
                                
        OO         OO           
       O  O       O  O          
      OO O         O OO         
       OO           OO          
                                
                                
                                
                                
                                
                                
                                
                                
                                
                                
                                
                                
                                
                                
                                
                                
                                
                                
                                
                                
                                
      OOO           OOO         
      O  O         O  O         
      OO  O       O  OO         
        OO         OO           
                                
                                
                                
        OO         OO           
      OO  O       O  OO         
      O  O         O  O         
      OOO           OOO         
                                
                                
                                
                                
                                
                                
                                
                                
                                
                                
                                
                                
                                
                                
                                
                                
                                
                                
                                
                                
       O             O          
      OOO           OOO         
     O   O         O   O        
      OO  O       O  OO         
       OOO         OOO          
                                
                                
                                
       OOO         OOO          
      OO  O       O  OO         
     O   O         O   O        
      OOO           OOO         
       O             O          
                                
                                
                                
                                
                                
                                
                                
                                
                                
                                
                                
                                
                                
                                
                                
                                
                                
                                
                                
      OOO           OOO         
      OOO           OOO         
     O   O         O   O        
      OO  O       O  OO         
      OOOO         OOOO         
        O           O           
                                
        O           O           
      OOOO         OOOO         
      OO  O       O  OO         
     O   O         O   O        
      OOO           OOO         
      OOO           OOO         
                                
                                
                                
                                
                                
                                
                                
                                
                                
                                
                                
                                
                                
                                
                                
                                
                                
                                
       O             O          
      O O           O O         
     O   O         O   O        
     O   O         O   O        
     O    O       O    O        
      O  O         O  O         
        OO         OO           
                                
        OO         OO           
      O  O         O  O         
     O    O       O    O        
     O   O         O   O        
     O   O         O   O        
      O O           O O         
       O             O          
                                
                                
                                
                                
                                
                                
                                
                                
                                
                                
                                
                                
                                
                                
                                
                                
                                
       O             O          
      OOO           OOO         
     OO OO         OO OO        
    OOO  OO       OO  OOO       
     OO  OO       OO  OO        
        OOO       OOO           
        OO         OO           
                                
        OO         OO           
        OOO       OOO           
     OO  OO       OO  OO        
    OOO  OO       OO  OOO       
     OO OO         OO OO        
      OOO           OOO         
       O             O          
                                
                                
                                
                                
                                
                                
                                
                                
                                
                                
                                
                                
                                
                                
                                
                                
                                
      OOO           OOO         
     O   O         O   O        
    O     O       O     O       
    O                   O       
    O OO   O     O   OO O       
       O             O          
        O O       O O           
                                
        O O       O O           
       O             O          
    O OO   O     O   OO O       
    O                   O       
    O     O       O     O       
     O   O         O   O        
      OOO           OOO         
                                
                                
                                
                                
                                
                                
                                
                                
                                
                                
                                
                                
                                
                                
                                
                                
       O             O          
      OOO           OOO         
     OOOOO         OOOOO        
    OO                 OO       
   OO                   OO      
     OOO             OOO        
      OOO           OOO         
                                
                                
                                
      OOO           OOO         
     OOO             OOO        
   OO                   OO      
    OO                 OO       
     OOOOO         OOOOO        
      OOO           OOO         
       O             O          
                                
                                
                                
                                
                                
                                
                                
                                
                                
                                
                                
                                
                                
                                
                                
      OOO           OOO         
     O   O         O   O        
    O    O         O    O       
   O   OO           OO   O      
   O                     O      
    OO  O           O  OO       
     O  O           O  O        
       O             O          
                                
       O             O          
     O  O           O  O        
    OO  O           O  OO       
   O                     O      
   O   OO           OO   O      
    O    O         O    O       
     O   O         O   O        
      OOO           OOO         
                                
                                
                                
                                
                                
                                
                                
Entire BLOCKING process took 2.64087 seconds
